2024-06-19 15:14:42 0 [Note] Starting MariaDB 10.4.32-MariaDB source revision c4143f909528e3fab0677a28631d10389354c491 as process 9284
2024-06-19 15:14:42 0 [Note] InnoDB: Mutexes and rw_locks use Windows interlocked functions
2024-06-19 15:14:42 0 [Note] InnoDB: Uses event mutexes
2024-06-19 15:14:42 0 [Note] InnoDB: Compressed tables use zlib 1.3
2024-06-19 15:14:42 0 [Note] InnoDB: Number of pools: 1
2024-06-19 15:14:42 0 [Note] InnoDB: Using SSE2 crc32 instructions
2024-06-19 15:14:42 0 [Note] InnoDB: Initializing buffer pool, total size = 16M, instances = 1, chunk size = 16M
2024-06-19 15:14:42 0 [Note] InnoDB: Completed initialization of buffer pool
2024-06-19 15:14:42 0 [Note] InnoDB: Starting crash recovery from checkpoint LSN=300288
2024-06-19 15:14:42 0 [Note] InnoDB: 128 out of 128 rollback segments are active.
2024-06-19 15:14:42 0 [Note] InnoDB: Removed temporary tablespace data file: "ibtmp1"
2024-06-19 15:14:42 0 [Note] InnoDB: Creating shared tablespace for temporary tables
2024-06-19 15:14:42 0 [Note] InnoDB: Setting file 'C:\xampp\mysql\data\ibtmp1' size to 12 MB. Physically writing the file full; Please wait ...
2024-06-19 15:14:42 0 [Note] InnoDB: File 'C:\xampp\mysql\data\ibtmp1' size is now 12 MB.
2024-06-19 15:14:42 0 [Note] InnoDB: Waiting for purge to start
2024-06-19 15:14:42 0 [Note] InnoDB: 10.4.32 started; log sequence number 300297; transaction id 170
2024-06-19 15:14:42 0 [Note] InnoDB: Loading buffer pool(s) from C:\xampp\mysql\data\ib_buffer_pool
2024-06-19 15:14:42 0 [Note] Plugin 'FEEDBACK' is disabled.
2024-06-19 15:14:42 0 [Note] InnoDB: Buffer pool(s) load completed at 240619 15:14:42
2024-06-19 15:14:42 0 [Note] Server socket created on IP: '::'.
2024-07-16 22:00:45 0 [Note] Starting MariaDB 10.4.32-MariaDB source revision c4143f909528e3fab0677a28631d10389354c491 as process 17884
2024-07-16 22:00:45 0 [Note] InnoDB: Mutexes and rw_locks use Windows interlocked functions
2024-07-16 22:00:45 0 [Note] InnoDB: Uses event mutexes
2024-07-16 22:00:45 0 [Note] InnoDB: Compressed tables use zlib 1.3
2024-07-16 22:00:45 0 [Note] InnoDB: Number of pools: 1
2024-07-16 22:00:45 0 [Note] InnoDB: Using SSE2 crc32 instructions
2024-07-16 22:00:45 0 [Note] InnoDB: Initializing buffer pool, total size = 16M, instances = 1, chunk size = 16M
2024-07-16 22:00:45 0 [Note] InnoDB: Completed initialization of buffer pool
2024-07-16 22:00:45 0 [Note] InnoDB: Starting crash recovery from checkpoint LSN=878145
2024-07-16 22:00:46 0 [Note] InnoDB: 128 out of 128 rollback segments are active.
2024-07-16 22:00:46 0 [Note] InnoDB: Removed temporary tablespace data file: "ibtmp1"
2024-07-16 22:00:46 0 [Note] InnoDB: Creating shared tablespace for temporary tables
2024-07-16 22:00:46 0 [Note] InnoDB: Setting file 'C:\xampp\mysql\data\ibtmp1' size to 12 MB. Physically writing the file full; Please wait ...
2024-07-16 22:00:46 0 [Note] InnoDB: File 'C:\xampp\mysql\data\ibtmp1' size is now 12 MB.
2024-07-16 22:00:46 0 [Note] InnoDB: Waiting for purge to start
2024-07-16 22:00:46 0 [Note] InnoDB: 10.4.32 started; log sequence number 878154; transaction id 1203
2024-07-16 22:00:46 0 [Note] InnoDB: Loading buffer pool(s) from C:\xampp\mysql\data\ib_buffer_pool
2024-07-16 22:00:46 0 [Note] Plugin 'FEEDBACK' is disabled.
2024-07-16 22:00:46 0 [Note] InnoDB: Buffer pool(s) load completed at 240716 22:00:46
2024-07-16 22:00:46 0 [Note] Server socket created on IP: '::'.
2024-07-16 22:15:54 0 [Note] Starting MariaDB 10.4.32-MariaDB source revision c4143f909528e3fab0677a28631d10389354c491 as process 9276
2024-07-16 22:15:54 0 [Note] InnoDB: Mutexes and rw_locks use Windows interlocked functions
2024-07-16 22:15:54 0 [Note] InnoDB: Uses event mutexes
2024-07-16 22:15:54 0 [Note] InnoDB: Compressed tables use zlib 1.3
2024-07-16 22:15:54 0 [Note] InnoDB: Number of pools: 1
2024-07-16 22:15:54 0 [Note] InnoDB: Using SSE2 crc32 instructions
2024-07-16 22:15:54 0 [Note] InnoDB: Initializing buffer pool, total size = 16M, instances = 1, chunk size = 16M
2024-07-16 22:15:54 0 [Note] InnoDB: Completed initialization of buffer pool
2024-07-16 22:15:54 0 [Note] InnoDB: Starting crash recovery from checkpoint LSN=878163
2024-07-16 22:15:54 0 [Note] InnoDB: 128 out of 128 rollback segments are active.
2024-07-16 22:15:54 0 [Note] InnoDB: Removed temporary tablespace data file: "ibtmp1"
2024-07-16 22:15:54 0 [Note] InnoDB: Creating shared tablespace for temporary tables
2024-07-16 22:15:54 0 [Note] InnoDB: Setting file 'C:\xampp\mysql\data\ibtmp1' size to 12 MB. Physically writing the file full; Please wait ...
2024-07-16 22:15:54 0 [Note] InnoDB: File 'C:\xampp\mysql\data\ibtmp1' size is now 12 MB.
2024-07-16 22:15:54 0 [Note] InnoDB: Waiting for purge to start
2024-07-16 22:15:55 0 [Note] InnoDB: 10.4.32 started; log sequence number 878172; transaction id 1203
2024-07-16 22:15:55 0 [Note] InnoDB: Loading buffer pool(s) from C:\xampp\mysql\data\ib_buffer_pool
2024-07-16 22:15:55 0 [Note] Plugin 'FEEDBACK' is disabled.
2024-07-16 22:15:55 0 [Note] InnoDB: Buffer pool(s) load completed at 240716 22:15:55
2024-07-16 22:15:55 0 [Note] Server socket created on IP: '::'.
2024-09-15 15:46:57 0 [Note] Starting MariaDB 10.4.32-MariaDB source revision c4143f909528e3fab0677a28631d10389354c491 as process 15544
2024-09-15 15:46:57 0 [Note] InnoDB: Mutexes and rw_locks use Windows interlocked functions
2024-09-15 15:46:57 0 [Note] InnoDB: Uses event mutexes
2024-09-15 15:46:57 0 [Note] InnoDB: Compressed tables use zlib 1.3
2024-09-15 15:46:57 0 [Note] InnoDB: Number of pools: 1
2024-09-15 15:46:57 0 [Note] InnoDB: Using SSE2 crc32 instructions
2024-09-15 15:46:57 0 [Note] InnoDB: Initializing buffer pool, total size = 16M, instances = 1, chunk size = 16M
2024-09-15 15:46:57 0 [Note] InnoDB: Completed initialization of buffer pool
2024-09-15 15:46:57 0 [Note] InnoDB: Starting crash recovery from checkpoint LSN=882210
2024-09-15 15:46:57 0 [Note] InnoDB: 128 out of 128 rollback segments are active.
2024-09-15 15:46:57 0 [Note] InnoDB: Removed temporary tablespace data file: "ibtmp1"
2024-09-15 15:46:57 0 [Note] InnoDB: Creating shared tablespace for temporary tables
2024-09-15 15:46:57 0 [Note] InnoDB: Setting file 'C:\xampp\mysql\data\ibtmp1' size to 12 MB. Physically writing the file full; Please wait ...
2024-09-15 15:46:57 0 [Note] InnoDB: File 'C:\xampp\mysql\data\ibtmp1' size is now 12 MB.
2024-09-15 15:46:57 0 [Note] InnoDB: Waiting for purge to start
2024-09-15 15:46:57 0 [Note] InnoDB: 10.4.32 started; log sequence number 882219; transaction id 1248
2024-09-15 15:46:57 0 [Note] InnoDB: Loading buffer pool(s) from C:\xampp\mysql\data\ib_buffer_pool
2024-09-15 15:46:57 0 [Note] Plugin 'FEEDBACK' is disabled.
2024-09-15 15:46:57 0 [Note] InnoDB: Buffer pool(s) load completed at 240915 15:46:57
2024-09-15 15:46:58 0 [Note] Server socket created on IP: '::'.
