[Wed Jun 19 15:10:20.803246 2024] [ssl:warn] [pid 3024:tid 384] AH01909: www.example.com:443:0 server certificate does NOT include an ID which matches the server name
[Wed Jun 19 15:10:20.907797 2024] [ssl:warn] [pid 3024:tid 384] AH01909: www.example.com:443:0 server certificate does NOT include an ID which matches the server name
[Wed Jun 19 15:10:21.428160 2024] [mpm_winnt:notice] [pid 3024:tid 384] AH00455: Apache/2.4.58 (Win64) OpenSSL/3.1.3 PHP/8.2.12 configured -- resuming normal operations
[Wed Jun 19 15:10:21.428160 2024] [mpm_winnt:notice] [pid 3024:tid 384] AH00456: Apache Lounge VS17 Server built: Oct 18 2023 13:03:18
[Wed Jun 19 15:10:21.428160 2024] [core:notice] [pid 3024:tid 384] AH00094: Command line: 'C:\\xampp\\apache\\bin\\httpd.exe -d C:/xampp/apache'
[Wed Jun 19 15:10:21.444043 2024] [mpm_winnt:notice] [pid 3024:tid 384] AH00418: Parent: Created child process 5416
[Wed Jun 19 15:10:22.653908 2024] [ssl:warn] [pid 5416:tid 420] AH01909: www.example.com:443:0 server certificate does NOT include an ID which matches the server name
[Wed Jun 19 15:10:22.742834 2024] [ssl:warn] [pid 5416:tid 420] AH01909: www.example.com:443:0 server certificate does NOT include an ID which matches the server name
[Wed Jun 19 15:10:22.822847 2024] [mpm_winnt:notice] [pid 5416:tid 420] AH00354: Child: Starting 150 worker threads.
[Wed Jun 19 15:14:38.684010 2024] [ssl:warn] [pid 16144:tid 452] AH01909: www.example.com:443:0 server certificate does NOT include an ID which matches the server name
[Wed Jun 19 15:14:38.761680 2024] [ssl:warn] [pid 16144:tid 452] AH01909: www.example.com:443:0 server certificate does NOT include an ID which matches the server name
[Wed Jun 19 15:14:38.811855 2024] [mpm_winnt:notice] [pid 16144:tid 452] AH00455: Apache/2.4.58 (Win64) OpenSSL/3.1.3 PHP/8.2.12 configured -- resuming normal operations
[Wed Jun 19 15:14:38.811855 2024] [mpm_winnt:notice] [pid 16144:tid 452] AH00456: Apache Lounge VS17 Server built: Oct 18 2023 13:03:18
[Wed Jun 19 15:14:38.811855 2024] [core:notice] [pid 16144:tid 452] AH00094: Command line: 'c:\\xampp\\apache\\bin\\httpd.exe -d C:/xampp/apache'
[Wed Jun 19 15:14:38.831774 2024] [mpm_winnt:notice] [pid 16144:tid 452] AH00418: Parent: Created child process 15116
[Wed Jun 19 15:14:39.531779 2024] [ssl:warn] [pid 15116:tid 392] AH01909: www.example.com:443:0 server certificate does NOT include an ID which matches the server name
[Wed Jun 19 15:14:39.591643 2024] [ssl:warn] [pid 15116:tid 392] AH01909: www.example.com:443:0 server certificate does NOT include an ID which matches the server name
[Wed Jun 19 15:14:39.671765 2024] [mpm_winnt:notice] [pid 15116:tid 392] AH00354: Child: Starting 150 worker threads.
[Tue Jul 16 22:00:45.901504 2024] [ssl:warn] [pid 1188:tid 376] AH01909: www.example.com:443:0 server certificate does NOT include an ID which matches the server name
[Tue Jul 16 22:00:45.996836 2024] [core:warn] [pid 1188:tid 376] AH00098: pid file C:/xampp/apache/logs/httpd.pid overwritten -- Unclean shutdown of previous Apache run?
[Tue Jul 16 22:00:46.003369 2024] [ssl:warn] [pid 1188:tid 376] AH01909: www.example.com:443:0 server certificate does NOT include an ID which matches the server name
[Tue Jul 16 22:00:46.948766 2024] [mpm_winnt:notice] [pid 1188:tid 376] AH00455: Apache/2.4.58 (Win64) OpenSSL/3.1.3 PHP/8.2.12 configured -- resuming normal operations
[Tue Jul 16 22:00:46.948766 2024] [mpm_winnt:notice] [pid 1188:tid 376] AH00456: Apache Lounge VS17 Server built: Oct 18 2023 13:03:18
[Tue Jul 16 22:00:46.948766 2024] [core:notice] [pid 1188:tid 376] AH00094: Command line: 'c:\\xampp\\apache\\bin\\httpd.exe -d C:/xampp/apache'
[Tue Jul 16 22:00:46.956394 2024] [mpm_winnt:notice] [pid 1188:tid 376] AH00418: Parent: Created child process 11672
[Tue Jul 16 22:00:47.736522 2024] [ssl:warn] [pid 11672:tid 384] AH01909: www.example.com:443:0 server certificate does NOT include an ID which matches the server name
[Tue Jul 16 22:00:47.816491 2024] [ssl:warn] [pid 11672:tid 384] AH01909: www.example.com:443:0 server certificate does NOT include an ID which matches the server name
[Tue Jul 16 22:00:47.907574 2024] [mpm_winnt:notice] [pid 11672:tid 384] AH00354: Child: Starting 150 worker threads.
[Tue Jul 16 22:01:03.134214 2024] [php:error] [pid 11672:tid 1924] [client ::1:50267] PHP Fatal error:  Uncaught mysqli_sql_exception: No connection could be made because the target machine actively refused it in C:\\xampp\\htdocs\\TRONICS ZONE\\includes\\db.php:3\nStack trace:\n#0 C:\\xampp\\htdocs\\TRONICS ZONE\\includes\\db.php(3): mysqli_connect('localhost', 'root', Object(SensitiveParameterValue), 'ecom_store')\n#1 C:\\xampp\\htdocs\\TRONICS ZONE\\index.php(5): include('C:\\\\xampp\\\\htdocs...')\n#2 {main}\n  thrown in C:\\xampp\\htdocs\\TRONICS ZONE\\includes\\db.php on line 3
[Tue Jul 16 22:23:40.166412 2024] [php:warn] [pid 11672:tid 1912] [client ::1:50999] PHP Warning:  Undefined variable $result in C:\\xampp\\htdocs\\TRONICS ZONE\\customer_register.php on line 342, referer: http://localhost/TRONICS%20ZONE/customer_register.php
[Tue Jul 16 22:23:40.166412 2024] [php:warn] [pid 11672:tid 1912] [client ::1:50999] PHP Warning:  Trying to access array offset on value of type null in C:\\xampp\\htdocs\\TRONICS ZONE\\customer_register.php on line 342, referer: http://localhost/TRONICS%20ZONE/customer_register.php
[Tue Jul 16 22:23:42.229816 2024] [php:warn] [pid 11672:tid 1912] [client ::1:50999] PHP Warning:  mail(): Failed to connect to mailserver at &quot;localhost&quot; port 25, verify your &quot;SMTP&quot; and &quot;smtp_port&quot; setting in php.ini or use ini_set() in C:\\xampp\\htdocs\\TRONICS ZONE\\customer_register.php on line 404, referer: http://localhost/TRONICS%20ZONE/customer_register.php
[Tue Jul 16 22:26:10.479909 2024] [php:warn] [pid 11672:tid 1912] [client ::1:51073] PHP Warning:  Undefined array key "product_size" in C:\\xampp\\htdocs\\TRONICS ZONE\\details.php on line 195, referer: http://localhost/TRONICS%20ZONE/demo-product-showcase
[Tue Jul 16 22:26:42.253158 2024] [php:warn] [pid 11672:tid 1932] [client ::1:51100] PHP Warning:  Undefined array key "product_size" in C:\\xampp\\htdocs\\TRONICS ZONE\\details.php on line 195, referer: http://localhost/TRONICS%20ZONE/cotton-polo-shirt
[Sun Sep 15 15:47:04.107688 2024] [ssl:warn] [pid 7900:tid 368] AH01909: www.example.com:443:0 server certificate does NOT include an ID which matches the server name
[Sun Sep 15 15:47:04.179808 2024] [core:warn] [pid 7900:tid 368] AH00098: pid file C:/xampp/apache/logs/httpd.pid overwritten -- Unclean shutdown of previous Apache run?
[Sun Sep 15 15:47:04.195457 2024] [ssl:warn] [pid 7900:tid 368] AH01909: www.example.com:443:0 server certificate does NOT include an ID which matches the server name
[Sun Sep 15 15:47:05.012022 2024] [mpm_winnt:notice] [pid 7900:tid 368] AH00455: Apache/2.4.58 (Win64) OpenSSL/3.1.3 PHP/8.2.12 configured -- resuming normal operations
[Sun Sep 15 15:47:05.012022 2024] [mpm_winnt:notice] [pid 7900:tid 368] AH00456: Apache Lounge VS17 Server built: Oct 18 2023 13:03:18
[Sun Sep 15 15:47:05.012022 2024] [core:notice] [pid 7900:tid 368] AH00094: Command line: 'c:\\xampp\\apache\\bin\\httpd.exe -d C:/xampp/apache'
[Sun Sep 15 15:47:05.023351 2024] [mpm_winnt:notice] [pid 7900:tid 368] AH00418: Parent: Created child process 5512
[Sun Sep 15 15:47:05.630733 2024] [ssl:warn] [pid 5512:tid 368] AH01909: www.example.com:443:0 server certificate does NOT include an ID which matches the server name
[Sun Sep 15 15:47:05.682516 2024] [ssl:warn] [pid 5512:tid 368] AH01909: www.example.com:443:0 server certificate does NOT include an ID which matches the server name
[Sun Sep 15 15:47:05.733466 2024] [mpm_winnt:notice] [pid 5512:tid 368] AH00354: Child: Starting 150 worker threads.
